2022-10-09 10:36:16.850 INFO  com.hevery.wiki.config.WikiApplication            :55   [32m                  [0;39m Starting WikiApplication using Java 1.8.0_211 on hy with PID 24045 (/Users/hevery/code/java/com.hevery/wiki/target/classes started by hevery in /Users/hevery/code/java/com.hevery/wiki)
2022-10-09 10:36:16.852 INFO  com.hevery.wiki.config.WikiApplication            :634  [32m                  [0;39m No active profile set, falling back to 1 default profile: "default"
2022-10-09 10:36:16.899 INFO  o.s.b.d.env.DevToolsPropertyDefaultsPostProcessor :255  [32m                  [0;39m Devtools property defaults active! Set 'spring.devtools.add-properties' to 'false' to disable
2022-10-09 10:36:16.899 INFO  o.s.b.d.env.DevToolsPropertyDefaultsPostProcessor :255  [32m                  [0;39m For additional web related logging consider setting the 'logging.level.web' property to 'DEBUG'
2022-10-09 10:36:18.199 INFO  o.s.boot.web.embedded.tomcat.TomcatWebServer      :108  [32m                  [0;39m Tomcat initialized with port(s): 8880 (http)
2022-10-09 10:36:18.209 INFO  org.apache.coyote.http11.Http11NioProtocol        :173  [32m                  [0;39m Initializing ProtocolHandler ["http-nio-8880"]
2022-10-09 10:36:18.210 INFO  org.apache.catalina.core.StandardService          :173  [32m                  [0;39m Starting service [Tomcat]
2022-10-09 10:36:18.210 INFO  org.apache.catalina.core.StandardEngine           :173  [32m                  [0;39m Starting Servlet engine: [Apache Tomcat/9.0.65]
2022-10-09 10:36:18.289 INFO  o.a.c.core.ContainerBase.[Tomcat].[localhost].[/] :173  [32m                  [0;39m Initializing Spring embedded WebApplicationContext
2022-10-09 10:36:18.289 INFO  o.s.b.w.s.c.ServletWebServerApplicationContext    :292  [32m                  [0;39m Root WebApplicationContext: initialization completed in 1389 ms
2022-10-09 10:36:19.148 INFO  o.s.b.d.autoconfigure.OptionalLiveReloadServer    :59   [32m                  [0;39m LiveReload server is running on port 35729
2022-10-09 10:36:19.166 INFO  org.apache.coyote.http11.Http11NioProtocol        :173  [32m                  [0;39m Starting ProtocolHandler ["http-nio-8880"]
2022-10-09 10:36:19.196 INFO  o.s.boot.web.embedded.tomcat.TomcatWebServer      :220  [32m                  [0;39m Tomcat started on port(s): 8880 (http) with context path ''
2022-10-09 10:36:19.208 INFO  com.hevery.wiki.config.WikiApplication            :61   [32m                  [0;39m Started WikiApplication in 2.887 seconds (JVM running for 3.931)
2022-10-09 10:36:19.211 INFO  com.hevery.wiki.config.WikiApplication            :19   [32m                  [0;39m 启动成功！！！
2022-10-09 10:36:19.212 INFO  com.hevery.wiki.config.WikiApplication            :20   [32m                  [0;39m 地址：	http://127.0.0.1:8880
2022-10-09 10:37:43.124 INFO  o.a.c.core.ContainerBase.[Tomcat].[localhost].[/] :173  [32m                  [0;39m Initializing Spring DispatcherServlet 'dispatcherServlet'
2022-10-09 10:37:43.126 INFO  org.springframework.web.servlet.DispatcherServlet :525  [32m                  [0;39m Initializing Servlet 'dispatcherServlet'
2022-10-09 10:37:43.146 INFO  org.springframework.web.servlet.DispatcherServlet :547  [32m                  [0;39m Completed initialization in 19 ms
2022-10-09 10:37:43.532 INFO  com.zaxxer.hikari.HikariDataSource                :110  [32m                  [0;39m HikariPool-1 - Starting...
2022-10-09 10:37:44.094 INFO  com.zaxxer.hikari.HikariDataSource                :123  [32m                  [0;39m HikariPool-1 - Start completed.
2022-10-09 10:43:41.983 INFO  o.s.b.d.a.LocalDevToolsAutoConfiguration$RestartingClassPathChangeChangedEventListener:213  [32m                  [0;39m Restarting due to 1 class path change (1 addition, 0 deletions, 0 modifications)
2022-10-09 10:43:42.057 INFO  org.apache.coyote.http11.Http11NioProtocol        :173  [32m                  [0;39m Pausing ProtocolHandler ["http-nio-8880"]
2022-10-09 10:43:42.058 INFO  org.apache.catalina.core.StandardService          :173  [32m                  [0;39m Stopping service [Tomcat]
2022-10-09 10:43:42.063 INFO  o.a.c.core.ContainerBase.[Tomcat].[localhost].[/] :173  [32m                  [0;39m Destroying Spring FrameworkServlet 'dispatcherServlet'
2022-10-09 10:43:42.078 WARN  org.apache.catalina.loader.WebappClassLoaderBase  :173  [32m                  [0;39m The web application [ROOT] appears to have started a thread named [HikariPool-1 housekeeper] but has failed to stop it. This is very likely to create a memory leak. Stack trace of thread:
 sun.misc.Unsafe.park(Native Method)
 java.util.concurrent.locks.LockSupport.parkNanos(LockSupport.java:215)
 java.util.concurrent.locks.AbstractQueuedSynchronizer$ConditionObject.awaitNanos(AbstractQueuedSynchronizer.java:2078)
 java.util.concurrent.ScheduledThreadPoolExecutor$DelayedWorkQueue.take(ScheduledThreadPoolExecutor.java:1093)
 java.util.concurrent.ScheduledThreadPoolExecutor$DelayedWorkQueue.take(ScheduledThreadPoolExecutor.java:809)
 java.util.concurrent.ThreadPoolExecutor.getTask(ThreadPoolExecutor.java:1074)
 java.util.concurrent.ThreadPoolExecutor.runWorker(ThreadPoolExecutor.java:1134)
 java.util.concurrent.ThreadPoolExecutor$Worker.run(ThreadPoolExecutor.java:624)
 java.lang.Thread.run(Thread.java:748)
2022-10-09 10:43:42.082 INFO  org.apache.coyote.http11.Http11NioProtocol        :173  [32m                  [0;39m Stopping ProtocolHandler ["http-nio-8880"]
2022-10-09 10:43:42.092 INFO  org.apache.coyote.http11.Http11NioProtocol        :173  [32m                  [0;39m Destroying ProtocolHandler ["http-nio-8880"]
2022-10-09 10:43:42.108 INFO  com.zaxxer.hikari.HikariDataSource                :350  [32m                  [0;39m HikariPool-1 - Shutdown initiated...
2022-10-09 10:43:42.127 INFO  com.zaxxer.hikari.HikariDataSource                :352  [32m                  [0;39m HikariPool-1 - Shutdown completed.
2022-10-09 10:43:42.527 INFO  com.hevery.wiki.config.WikiApplication            :55   [32m                  [0;39m Starting WikiApplication using Java 1.8.0_211 on hy with PID 24045 (/Users/hevery/code/java/com.hevery/wiki/target/classes started by hevery in /Users/hevery/code/java/com.hevery/wiki)
2022-10-09 10:43:42.528 INFO  com.hevery.wiki.config.WikiApplication            :634  [32m                  [0;39m No active profile set, falling back to 1 default profile: "default"
2022-10-09 10:43:42.966 INFO  o.s.boot.web.embedded.tomcat.TomcatWebServer      :108  [32m                  [0;39m Tomcat initialized with port(s): 8880 (http)
2022-10-09 10:43:42.968 INFO  org.apache.coyote.http11.Http11NioProtocol        :173  [32m                  [0;39m Initializing ProtocolHandler ["http-nio-8880"]
2022-10-09 10:43:42.969 INFO  org.apache.catalina.core.StandardService          :173  [32m                  [0;39m Starting service [Tomcat]
2022-10-09 10:43:42.970 INFO  org.apache.catalina.core.StandardEngine           :173  [32m                  [0;39m Starting Servlet engine: [Apache Tomcat/9.0.65]
2022-10-09 10:43:43.005 INFO  o.a.c.core.ContainerBase.[Tomcat].[localhost].[/] :173  [32m                  [0;39m Initializing Spring embedded WebApplicationContext
2022-10-09 10:43:43.006 INFO  o.s.b.w.s.c.ServletWebServerApplicationContext    :292  [32m                  [0;39m Root WebApplicationContext: initialization completed in 473 ms
2022-10-09 10:43:43.300 INFO  o.s.b.d.autoconfigure.OptionalLiveReloadServer    :59   [32m                  [0;39m LiveReload server is running on port 35729
2022-10-09 10:43:43.312 INFO  org.apache.coyote.http11.Http11NioProtocol        :173  [32m                  [0;39m Starting ProtocolHandler ["http-nio-8880"]
2022-10-09 10:43:43.315 INFO  o.s.boot.web.embedded.tomcat.TomcatWebServer      :220  [32m                  [0;39m Tomcat started on port(s): 8880 (http) with context path ''
2022-10-09 10:43:43.320 INFO  com.hevery.wiki.config.WikiApplication            :61   [32m                  [0;39m Started WikiApplication in 0.872 seconds (JVM running for 447.985)
2022-10-09 10:43:43.322 INFO  o.s.b.d.a.ConditionEvaluationDeltaLoggingListener :63   [32m                  [0;39m Condition evaluation unchanged
2022-10-09 10:43:43.323 INFO  com.hevery.wiki.config.WikiApplication            :19   [32m                  [0;39m 启动成功！！！
2022-10-09 10:43:43.323 INFO  com.hevery.wiki.config.WikiApplication            :20   [32m                  [0;39m 地址：	http://127.0.0.1:8880
2022-10-09 10:44:13.031 INFO  o.s.b.d.a.LocalDevToolsAutoConfiguration$RestartingClassPathChangeChangedEventListener:213  [32m                  [0;39m Restarting due to 1 class path change (0 additions, 1 deletion, 0 modifications)
2022-10-09 10:44:13.114 INFO  org.apache.coyote.http11.Http11NioProtocol        :173  [32m                  [0;39m Pausing ProtocolHandler ["http-nio-8880"]
2022-10-09 10:44:13.117 INFO  org.apache.catalina.core.StandardService          :173  [32m                  [0;39m Stopping service [Tomcat]
2022-10-09 10:44:13.157 INFO  org.apache.coyote.http11.Http11NioProtocol        :173  [32m                  [0;39m Stopping ProtocolHandler ["http-nio-8880"]
2022-10-09 10:44:13.174 INFO  org.apache.coyote.http11.Http11NioProtocol        :173  [32m                  [0;39m Destroying ProtocolHandler ["http-nio-8880"]
2022-10-09 10:44:13.588 INFO  com.hevery.wiki.config.WikiApplication            :55   [32m                  [0;39m Starting WikiApplication using Java 1.8.0_211 on hy with PID 24045 (/Users/hevery/code/java/com.hevery/wiki/target/classes started by hevery in /Users/hevery/code/java/com.hevery/wiki)
2022-10-09 10:44:13.588 INFO  com.hevery.wiki.config.WikiApplication            :634  [32m                  [0;39m No active profile set, falling back to 1 default profile: "default"
2022-10-09 10:44:13.890 INFO  o.s.boot.web.embedded.tomcat.TomcatWebServer      :108  [32m                  [0;39m Tomcat initialized with port(s): 8880 (http)
2022-10-09 10:44:13.891 INFO  org.apache.coyote.http11.Http11NioProtocol        :173  [32m                  [0;39m Initializing ProtocolHandler ["http-nio-8880"]
2022-10-09 10:44:13.891 INFO  org.apache.catalina.core.StandardService          :173  [32m                  [0;39m Starting service [Tomcat]
2022-10-09 10:44:13.891 INFO  org.apache.catalina.core.StandardEngine           :173  [32m                  [0;39m Starting Servlet engine: [Apache Tomcat/9.0.65]
2022-10-09 10:44:13.903 INFO  o.a.c.core.ContainerBase.[Tomcat].[localhost].[/] :173  [32m                  [0;39m Initializing Spring embedded WebApplicationContext
2022-10-09 10:44:13.904 INFO  o.s.b.w.s.c.ServletWebServerApplicationContext    :292  [32m                  [0;39m Root WebApplicationContext: initialization completed in 314 ms
2022-10-09 10:44:14.081 INFO  o.s.b.d.autoconfigure.OptionalLiveReloadServer    :59   [32m                  [0;39m LiveReload server is running on port 35729
2022-10-09 10:44:14.099 INFO  org.apache.coyote.http11.Http11NioProtocol        :173  [32m                  [0;39m Starting ProtocolHandler ["http-nio-8880"]
2022-10-09 10:44:14.103 INFO  o.s.boot.web.embedded.tomcat.TomcatWebServer      :220  [32m                  [0;39m Tomcat started on port(s): 8880 (http) with context path ''
2022-10-09 10:44:14.112 INFO  com.hevery.wiki.config.WikiApplication            :61   [32m                  [0;39m Started WikiApplication in 0.572 seconds (JVM running for 478.776)
2022-10-09 10:44:14.114 INFO  o.s.b.d.a.ConditionEvaluationDeltaLoggingListener :63   [32m                  [0;39m Condition evaluation unchanged
2022-10-09 10:44:14.115 INFO  com.hevery.wiki.config.WikiApplication            :19   [32m                  [0;39m 启动成功！！！
2022-10-09 10:44:14.115 INFO  com.hevery.wiki.config.WikiApplication            :20   [32m                  [0;39m 地址：	http://127.0.0.1:8880
2022-10-09 10:46:11.800 INFO  o.s.b.d.a.LocalDevToolsAutoConfiguration$RestartingClassPathChangeChangedEventListener:213  [32m                  [0;39m Restarting due to 1 class path change (1 addition, 0 deletions, 0 modifications)
2022-10-09 10:46:11.826 INFO  org.apache.coyote.http11.Http11NioProtocol        :173  [32m                  [0;39m Pausing ProtocolHandler ["http-nio-8880"]
2022-10-09 10:46:11.827 INFO  org.apache.catalina.core.StandardService          :173  [32m                  [0;39m Stopping service [Tomcat]
2022-10-09 10:46:11.840 INFO  org.apache.coyote.http11.Http11NioProtocol        :173  [32m                  [0;39m Stopping ProtocolHandler ["http-nio-8880"]
2022-10-09 10:46:11.843 INFO  org.apache.coyote.http11.Http11NioProtocol        :173  [32m                  [0;39m Destroying ProtocolHandler ["http-nio-8880"]
2022-10-09 10:46:12.187 INFO  com.hevery.wiki.config.WikiApplication            :55   [32m                  [0;39m Starting WikiApplication using Java 1.8.0_211 on hy with PID 24045 (/Users/hevery/code/java/com.hevery/wiki/target/classes started by hevery in /Users/hevery/code/java/com.hevery/wiki)
2022-10-09 10:46:12.187 INFO  com.hevery.wiki.config.WikiApplication            :634  [32m                  [0;39m No active profile set, falling back to 1 default profile: "default"
2022-10-09 10:46:12.493 INFO  o.s.boot.web.embedded.tomcat.TomcatWebServer      :108  [32m                  [0;39m Tomcat initialized with port(s): 8880 (http)
2022-10-09 10:46:12.494 INFO  org.apache.coyote.http11.Http11NioProtocol        :173  [32m                  [0;39m Initializing ProtocolHandler ["http-nio-8880"]
2022-10-09 10:46:12.495 INFO  org.apache.catalina.core.StandardService          :173  [32m                  [0;39m Starting service [Tomcat]
2022-10-09 10:46:12.495 INFO  org.apache.catalina.core.StandardEngine           :173  [32m                  [0;39m Starting Servlet engine: [Apache Tomcat/9.0.65]
2022-10-09 10:46:12.503 INFO  o.a.c.core.ContainerBase.[Tomcat].[localhost].[/] :173  [32m                  [0;39m Initializing Spring embedded WebApplicationContext
2022-10-09 10:46:12.503 INFO  o.s.b.w.s.c.ServletWebServerApplicationContext    :292  [32m                  [0;39m Root WebApplicationContext: initialization completed in 311 ms
2022-10-09 10:46:12.663 INFO  o.s.b.d.autoconfigure.OptionalLiveReloadServer    :59   [32m                  [0;39m LiveReload server is running on port 35729
2022-10-09 10:46:12.670 INFO  org.apache.coyote.http11.Http11NioProtocol        :173  [32m                  [0;39m Starting ProtocolHandler ["http-nio-8880"]
2022-10-09 10:46:12.673 INFO  o.s.boot.web.embedded.tomcat.TomcatWebServer      :220  [32m                  [0;39m Tomcat started on port(s): 8880 (http) with context path ''
2022-10-09 10:46:12.677 INFO  com.hevery.wiki.config.WikiApplication            :61   [32m                  [0;39m Started WikiApplication in 0.598 seconds (JVM running for 597.341)
2022-10-09 10:46:12.678 INFO  o.s.b.d.a.ConditionEvaluationDeltaLoggingListener :63   [32m                  [0;39m Condition evaluation unchanged
2022-10-09 10:46:12.679 INFO  com.hevery.wiki.config.WikiApplication            :19   [32m                  [0;39m 启动成功！！！
2022-10-09 10:46:12.679 INFO  com.hevery.wiki.config.WikiApplication            :20   [32m                  [0;39m 地址：	http://127.0.0.1:8880
2022-10-09 10:46:54.505 INFO  o.s.b.d.a.LocalDevToolsAutoConfiguration$RestartingClassPathChangeChangedEventListener:213  [32m                  [0;39m Restarting due to 1 class path change (0 additions, 0 deletions, 1 modification)
2022-10-09 10:46:54.526 INFO  org.apache.coyote.http11.Http11NioProtocol        :173  [32m                  [0;39m Pausing ProtocolHandler ["http-nio-8880"]
2022-10-09 10:46:54.527 INFO  org.apache.catalina.core.StandardService          :173  [32m                  [0;39m Stopping service [Tomcat]
2022-10-09 10:46:54.538 INFO  org.apache.coyote.http11.Http11NioProtocol        :173  [32m                  [0;39m Stopping ProtocolHandler ["http-nio-8880"]
2022-10-09 10:46:54.542 INFO  org.apache.coyote.http11.Http11NioProtocol        :173  [32m                  [0;39m Destroying ProtocolHandler ["http-nio-8880"]
2022-10-09 10:46:54.793 INFO  com.hevery.wiki.config.WikiApplication            :55   [32m                  [0;39m Starting WikiApplication using Java 1.8.0_211 on hy with PID 24045 (/Users/hevery/code/java/com.hevery/wiki/target/classes started by hevery in /Users/hevery/code/java/com.hevery/wiki)
2022-10-09 10:46:54.793 INFO  com.hevery.wiki.config.WikiApplication            :634  [32m                  [0;39m No active profile set, falling back to 1 default profile: "default"
2022-10-09 10:46:55.019 INFO  o.s.boot.web.embedded.tomcat.TomcatWebServer      :108  [32m                  [0;39m Tomcat initialized with port(s): 8880 (http)
2022-10-09 10:46:55.019 INFO  org.apache.coyote.http11.Http11NioProtocol        :173  [32m                  [0;39m Initializing ProtocolHandler ["http-nio-8880"]
2022-10-09 10:46:55.020 INFO  org.apache.catalina.core.StandardService          :173  [32m                  [0;39m Starting service [Tomcat]
2022-10-09 10:46:55.020 INFO  org.apache.catalina.core.StandardEngine           :173  [32m                  [0;39m Starting Servlet engine: [Apache Tomcat/9.0.65]
2022-10-09 10:46:55.028 INFO  o.a.c.core.ContainerBase.[Tomcat].[localhost].[/] :173  [32m                  [0;39m Initializing Spring embedded WebApplicationContext
2022-10-09 10:46:55.029 INFO  o.s.b.w.s.c.ServletWebServerApplicationContext    :292  [32m                  [0;39m Root WebApplicationContext: initialization completed in 234 ms
2022-10-09 10:46:55.183 INFO  o.s.b.d.autoconfigure.OptionalLiveReloadServer    :59   [32m                  [0;39m LiveReload server is running on port 35729
2022-10-09 10:46:55.191 INFO  org.apache.coyote.http11.Http11NioProtocol        :173  [32m                  [0;39m Starting ProtocolHandler ["http-nio-8880"]
2022-10-09 10:46:55.193 INFO  o.s.boot.web.embedded.tomcat.TomcatWebServer      :220  [32m                  [0;39m Tomcat started on port(s): 8880 (http) with context path ''
2022-10-09 10:46:55.197 INFO  com.hevery.wiki.config.WikiApplication            :61   [32m                  [0;39m Started WikiApplication in 0.443 seconds (JVM running for 639.86)
2022-10-09 10:46:55.199 INFO  o.s.b.d.a.ConditionEvaluationDeltaLoggingListener :63   [32m                  [0;39m Condition evaluation unchanged
2022-10-09 10:46:55.199 INFO  com.hevery.wiki.config.WikiApplication            :19   [32m                  [0;39m 启动成功！！！
2022-10-09 10:46:55.200 INFO  com.hevery.wiki.config.WikiApplication            :20   [32m                  [0;39m 地址：	http://127.0.0.1:8880
2022-10-09 10:48:46.741 INFO  o.a.c.core.ContainerBase.[Tomcat].[localhost].[/] :173  [32m                  [0;39m Initializing Spring DispatcherServlet 'dispatcherServlet'
2022-10-09 10:48:46.750 INFO  org.springframework.web.servlet.DispatcherServlet :525  [32m                  [0;39m Initializing Servlet 'dispatcherServlet'
2022-10-09 10:48:46.852 INFO  org.springframework.web.servlet.DispatcherServlet :547  [32m                  [0;39m Completed initialization in 101 ms
2022-10-09 10:48:46.992 INFO  com.zaxxer.hikari.HikariDataSource                :110  [32m                  [0;39m HikariPool-2 - Starting...
2022-10-09 10:48:47.082 INFO  com.zaxxer.hikari.HikariDataSource                :123  [32m                  [0;39m HikariPool-2 - Start completed.
2022-10-09 10:49:54.664 INFO  com.zaxxer.hikari.HikariDataSource                :350  [32m                  [0;39m HikariPool-2 - Shutdown initiated...
2022-10-09 10:49:54.686 INFO  com.zaxxer.hikari.HikariDataSource                :352  [32m                  [0;39m HikariPool-2 - Shutdown completed.
2022-10-09 10:50:00.905 INFO  com.hevery.wiki.config.WikiApplication            :55   [32m                  [0;39m Starting WikiApplication using Java 1.8.0_211 on hy with PID 24207 (/Users/hevery/code/java/com.hevery/wiki/target/classes started by hevery in /Users/hevery/code/java/com.hevery/wiki)
2022-10-09 10:50:00.907 INFO  com.hevery.wiki.config.WikiApplication            :634  [32m                  [0;39m No active profile set, falling back to 1 default profile: "default"
2022-10-09 10:50:00.966 INFO  o.s.b.d.env.DevToolsPropertyDefaultsPostProcessor :255  [32m                  [0;39m Devtools property defaults active! Set 'spring.devtools.add-properties' to 'false' to disable
2022-10-09 10:50:00.967 INFO  o.s.b.d.env.DevToolsPropertyDefaultsPostProcessor :255  [32m                  [0;39m For additional web related logging consider setting the 'logging.level.web' property to 'DEBUG'
2022-10-09 10:50:02.015 INFO  o.s.boot.web.embedded.tomcat.TomcatWebServer      :108  [32m                  [0;39m Tomcat initialized with port(s): 8880 (http)
2022-10-09 10:50:02.023 INFO  org.apache.coyote.http11.Http11NioProtocol        :173  [32m                  [0;39m Initializing ProtocolHandler ["http-nio-8880"]
2022-10-09 10:50:02.024 INFO  org.apache.catalina.core.StandardService          :173  [32m                  [0;39m Starting service [Tomcat]
2022-10-09 10:50:02.024 INFO  org.apache.catalina.core.StandardEngine           :173  [32m                  [0;39m Starting Servlet engine: [Apache Tomcat/9.0.65]
2022-10-09 10:50:02.080 INFO  o.a.c.core.ContainerBase.[Tomcat].[localhost].[/] :173  [32m                  [0;39m Initializing Spring embedded WebApplicationContext
2022-10-09 10:50:02.080 INFO  o.s.b.w.s.c.ServletWebServerApplicationContext    :292  [32m                  [0;39m Root WebApplicationContext: initialization completed in 1112 ms
2022-10-09 10:50:02.757 INFO  o.s.b.d.autoconfigure.OptionalLiveReloadServer    :59   [32m                  [0;39m LiveReload server is running on port 35729
2022-10-09 10:50:02.773 INFO  org.apache.coyote.http11.Http11NioProtocol        :173  [32m                  [0;39m Starting ProtocolHandler ["http-nio-8880"]
2022-10-09 10:50:02.800 INFO  o.s.boot.web.embedded.tomcat.TomcatWebServer      :220  [32m                  [0;39m Tomcat started on port(s): 8880 (http) with context path ''
2022-10-09 10:50:02.811 INFO  com.hevery.wiki.config.WikiApplication            :61   [32m                  [0;39m Started WikiApplication in 2.501 seconds (JVM running for 3.325)
2022-10-09 10:50:02.813 INFO  com.hevery.wiki.config.WikiApplication            :19   [32m                  [0;39m 启动成功！！！
2022-10-09 10:50:02.814 INFO  com.hevery.wiki.config.WikiApplication            :20   [32m                  [0;39m 地址：	http://127.0.0.1:8880
2022-10-09 10:50:15.762 INFO  o.a.c.core.ContainerBase.[Tomcat].[localhost].[/] :173  [32m                  [0;39m Initializing Spring DispatcherServlet 'dispatcherServlet'
2022-10-09 10:50:15.765 INFO  org.springframework.web.servlet.DispatcherServlet :525  [32m                  [0;39m Initializing Servlet 'dispatcherServlet'
2022-10-09 10:50:15.772 INFO  org.springframework.web.servlet.DispatcherServlet :547  [32m                  [0;39m Completed initialization in 7 ms
2022-10-09 10:50:16.002 INFO  com.zaxxer.hikari.HikariDataSource                :110  [32m                  [0;39m HikariPool-1 - Starting...
2022-10-09 10:50:16.538 INFO  com.zaxxer.hikari.HikariDataSource                :123  [32m                  [0;39m HikariPool-1 - Start completed.
